08:52:11.966 [restartedMain] INFO  c.k.k.MainApplication - Starting MainApplication using Java 20.0.1 with PID 22300 (D:\Intellij-Idea-Projects\Kavya_SpringBoot_Session\target\classes started by 91830 in D:\Intellij-Idea-Projects\Kavya_SpringBoot_Session)
08:52:11.966 [restartedMain] INFO  c.k.k.MainApplication - The following 1 profile is active: "dev"
08:52:12.093 [restartedMain] INFO  o.s.d.r.c.RepositoryConfigurationDelegate - Bootstrapping Spring Data JPA repositories in DEFAULT mode.
08:52:12.100 [restartedMain] INFO  o.s.d.r.c.RepositoryConfigurationDelegate - Finished Spring Data repository scanning in 6 ms. Found 3 JPA repository interfaces.
08:52:12.183 [restartedMain] INFO  o.s.b.w.e.tomcat.TomcatWebServer - Tomcat initialized with port(s): 8080 (http)
08:52:12.185 [restartedMain] INFO  o.a.catalina.core.StandardService - Starting service [Tomcat]
08:52:12.185 [restartedMain] INFO  o.a.catalina.core.StandardEngine - Starting Servlet engine: [Apache Tomcat/10.1.13]
08:52:12.198 [restartedMain] INFO  o.a.c.c.C.[Tomcat].[localhost].[/] - Initializing Spring embedded WebApplicationContext
08:52:12.198 [restartedMain] INFO  o.s.b.w.s.c.ServletWebServerApplicationContext - Root WebApplicationContext: initialization completed in 230 ms
08:52:12.232 [restartedMain] INFO  o.h.jpa.internal.util.LogHelper - HHH000204: Processing PersistenceUnitInfo [name: default]
08:52:12.236 [restartedMain] INFO  o.h.b.i.BytecodeProviderInitiator - HHH000021: Bytecode provider name : bytebuddy
08:52:12.236 [restartedMain] INFO  o.s.o.j.p.SpringPersistenceUnitInfo - No LoadTimeWeaver setup: ignoring JPA class transformer
08:52:12.237 [restartedMain] INFO  com.zaxxer.hikari.HikariDataSource - HikariPool-2 - Starting...
08:52:12.246 [restartedMain] INFO  com.zaxxer.hikari.pool.HikariPool - HikariPool-2 - Added connection com.mysql.cj.jdbc.ConnectionImpl@390b6157
08:52:12.246 [restartedMain] INFO  com.zaxxer.hikari.HikariDataSource - HikariPool-2 - Start completed.
08:52:12.253 [restartedMain] INFO  o.h.b.i.BytecodeProviderInitiator - HHH000021: Bytecode provider name : bytebuddy
08:52:12.275 [restartedMain] INFO  o.h.e.t.j.p.i.JtaPlatformInitiator - HHH000490: Using JtaPlatform implementation: [org.hibernate.engine.transaction.jta.platform.internal.NoJtaPlatform]
08:52:12.281 [restartedMain] INFO  o.s.o.j.LocalContainerEntityManagerFactoryBean - Initialized JPA EntityManagerFactory for persistence unit 'default'
08:52:12.413 [restartedMain] WARN  o.s.b.a.o.j.JpaBaseConfiguration$JpaWebConfiguration - spring.jpa.open-in-view is enabled by default. Therefore, database queries may be performed during view rendering. Explicitly configure spring.jpa.open-in-view to disable this warning
08:52:12.640 [restartedMain] INFO  o.s.s.web.DefaultSecurityFilterChain - Will secure any request with [org.springframework.security.web.session.DisableEncodeUrlFilter@104f7517, org.springframework.security.web.context.request.async.WebAsyncManagerIntegrationFilter@27116c11, org.springframework.security.web.context.SecurityContextHolderFilter@42599f66, org.springframework.security.web.header.HeaderWriterFilter@4b6a4d06, org.springframework.security.web.authentication.logout.LogoutFilter@4d00bacd, org.springframework.security.oauth2.client.web.OAuth2AuthorizationRequestRedirectFilter@63ba9a7d, org.springframework.security.oauth2.client.web.OAuth2LoginAuthenticationFilter@28a8d137, org.springframework.security.web.authentication.UsernamePasswordAuthenticationFilter@7753f44c, org.springframework.security.web.authentication.ui.DefaultLoginPageGeneratingFilter@53ba6558, org.springframework.security.web.authentication.ui.DefaultLogoutPageGeneratingFilter@49de20ad, org.springframework.security.web.savedrequest.RequestCacheAwareFilter@71ac355c, org.springframework.security.web.servletapi.SecurityContextHolderAwareRequestFilter@4a210367, org.springframework.security.web.authentication.AnonymousAuthenticationFilter@21c75c4e, org.springframework.security.web.access.ExceptionTranslationFilter@b460e00, org.springframework.security.web.access.intercept.AuthorizationFilter@2999dc45]
08:52:12.717 [restartedMain] INFO  o.s.b.d.a.OptionalLiveReloadServer - LiveReload server is running on port 35729
08:52:12.727 [restartedMain] INFO  o.s.b.w.e.tomcat.TomcatWebServer - Tomcat started on port(s): 8080 (http) with context path ''
08:52:12.729 [restartedMain] INFO  c.k.k.MainApplication - Started MainApplication in 0.853 seconds (process running for 648.777)
08:52:12.731 [restartedMain] INFO  o.s.b.d.a.ConditionEvaluationDeltaLoggingListener - Condition evaluation unchanged
08:52:26.074 [SpringApplicationShutdownHook] INFO  o.s.o.j.LocalContainerEntityManagerFactoryBean - Closing JPA EntityManagerFactory for persistence unit 'default'
08:52:26.075 [SpringApplicationShutdownHook] INFO  com.zaxxer.hikari.HikariDataSource - HikariPool-2 - Shutdown initiated...
08:52:26.078 [SpringApplicationShutdownHook] INFO  com.zaxxer.hikari.HikariDataSource - HikariPool-2 - Shutdown completed.
08:52:27.640 [restartedMain] INFO  c.k.k.MainApplication - Starting MainApplication using Java 20.0.1 with PID 19968 (D:\Intellij-Idea-Projects\Kavya_SpringBoot_Session\target\classes started by 91830 in D:\Intellij-Idea-Projects\Kavya_SpringBoot_Session)
08:52:27.641 [restartedMain] INFO  c.k.k.MainApplication - The following 1 profile is active: "dev"
08:52:27.669 [restartedMain] INFO  o.s.b.d.e.DevToolsPropertyDefaultsPostProcessor - Devtools property defaults active! Set 'spring.devtools.add-properties' to 'false' to disable
08:52:27.670 [restartedMain] INFO  o.s.b.d.e.DevToolsPropertyDefaultsPostProcessor - For additional web related logging consider setting the 'logging.level.web' property to 'DEBUG'
08:52:28.121 [restartedMain] INFO  o.s.d.r.c.RepositoryConfigurationDelegate - Bootstrapping Spring Data JPA repositories in DEFAULT mode.
08:52:28.157 [restartedMain] INFO  o.s.d.r.c.RepositoryConfigurationDelegate - Finished Spring Data repository scanning in 31 ms. Found 3 JPA repository interfaces.
08:52:28.529 [restartedMain] INFO  o.s.b.w.e.tomcat.TomcatWebServer - Tomcat initialized with port(s): 8080 (http)
08:52:28.533 [restartedMain] INFO  o.a.coyote.http11.Http11NioProtocol - Initializing ProtocolHandler ["http-nio-8080"]
08:52:28.534 [restartedMain] INFO  o.a.catalina.core.StandardService - Starting service [Tomcat]
08:52:28.535 [restartedMain] INFO  o.a.catalina.core.StandardEngine - Starting Servlet engine: [Apache Tomcat/10.1.13]
08:52:28.579 [restartedMain] INFO  o.a.c.c.C.[Tomcat].[localhost].[/] - Initializing Spring embedded WebApplicationContext
08:52:28.579 [restartedMain] INFO  o.s.b.w.s.c.ServletWebServerApplicationContext - Root WebApplicationContext: initialization completed in 909 ms
08:52:28.683 [restartedMain] INFO  o.h.jpa.internal.util.LogHelper - HHH000204: Processing PersistenceUnitInfo [name: default]
08:52:28.712 [restartedMain] INFO  org.hibernate.Version - HHH000412: Hibernate ORM core version 6.2.9.Final
08:52:28.713 [restartedMain] INFO  org.hibernate.cfg.Environment - HHH000406: Using bytecode reflection optimizer
08:52:28.788 [restartedMain] INFO  o.h.b.i.BytecodeProviderInitiator - HHH000021: Bytecode provider name : bytebuddy
08:52:28.865 [restartedMain] INFO  o.s.o.j.p.SpringPersistenceUnitInfo - No LoadTimeWeaver setup: ignoring JPA class transformer
08:52:28.875 [restartedMain] INFO  com.zaxxer.hikari.HikariDataSource - HikariPool-1 - Starting...
08:52:29.081 [restartedMain] INFO  com.zaxxer.hikari.pool.HikariPool - HikariPool-1 - Added connection com.mysql.cj.jdbc.ConnectionImpl@40164b31
08:52:29.082 [restartedMain] INFO  com.zaxxer.hikari.HikariDataSource - HikariPool-1 - Start completed.
08:52:29.237 [restartedMain] INFO  o.h.b.i.BytecodeProviderInitiator - HHH000021: Bytecode provider name : bytebuddy
08:52:29.687 [restartedMain] INFO  o.h.e.t.j.p.i.JtaPlatformInitiator - HHH000490: Using JtaPlatform implementation: [org.hibernate.engine.transaction.jta.platform.internal.NoJtaPlatform]
08:52:29.722 [restartedMain] INFO  o.s.o.j.LocalContainerEntityManagerFactoryBean - Initialized JPA EntityManagerFactory for persistence unit 'default'
08:52:29.896 [restartedMain] INFO  o.s.d.j.r.query.QueryEnhancerFactory - Hibernate is in classpath; If applicable, HQL parser will be used.
08:52:30.093 [restartedMain] WARN  o.s.b.a.o.j.JpaBaseConfiguration$JpaWebConfiguration - spring.jpa.open-in-view is enabled by default. Therefore, database queries may be performed during view rendering. Explicitly configure spring.jpa.open-in-view to disable this warning
08:52:30.511 [restartedMain] INFO  o.s.s.web.DefaultSecurityFilterChain - Will secure any request with [org.springframework.security.web.session.DisableEncodeUrlFilter@44c9f170, org.springframework.security.web.context.request.async.WebAsyncManagerIntegrationFilter@29e8eeca, org.springframework.security.web.context.SecurityContextHolderFilter@6a9a8a74, org.springframework.security.web.header.HeaderWriterFilter@cf877be, org.springframework.security.web.authentication.logout.LogoutFilter@306163df, org.springframework.security.oauth2.client.web.OAuth2AuthorizationRequestRedirectFilter@3b98466d, org.springframework.security.oauth2.client.web.OAuth2LoginAuthenticationFilter@64fc9c83, org.springframework.security.web.authentication.UsernamePasswordAuthenticationFilter@469eeaac, org.springframework.security.web.authentication.ui.DefaultLoginPageGeneratingFilter@746b5d9e, org.springframework.security.web.authentication.ui.DefaultLogoutPageGeneratingFilter@80dbcb, org.springframework.security.web.savedrequest.RequestCacheAwareFilter@ba21009, org.springframework.security.web.servletapi.SecurityContextHolderAwareRequestFilter@5dd2cf20, org.springframework.security.web.authentication.AnonymousAuthenticationFilter@4a8d9a17, org.springframework.security.web.access.ExceptionTranslationFilter@16378601, org.springframework.security.web.access.intercept.AuthorizationFilter@49db9d0c]
08:52:30.712 [restartedMain] INFO  o.s.b.d.a.OptionalLiveReloadServer - LiveReload server is running on port 35729
08:52:30.725 [restartedMain] INFO  o.a.coyote.http11.Http11NioProtocol - Starting ProtocolHandler ["http-nio-8080"]
08:52:30.739 [restartedMain] INFO  o.s.b.w.e.tomcat.TomcatWebServer - Tomcat started on port(s): 8080 (http) with context path ''
08:52:30.747 [restartedMain] INFO  c.k.k.MainApplication - Started MainApplication in 3.313 seconds (process running for 3.972)
08:53:27.088 [SpringApplicationShutdownHook] INFO  o.s.o.j.LocalContainerEntityManagerFactoryBean - Closing JPA EntityManagerFactory for persistence unit 'default'
08:53:27.090 [SpringApplicationShutdownHook] INFO  com.zaxxer.hikari.HikariDataSource - HikariPool-1 - Shutdown initiated...
08:53:27.096 [SpringApplicationShutdownHook] INFO  com.zaxxer.hikari.HikariDataSource - HikariPool-1 - Shutdown completed.
08:53:30.322 [restartedMain] INFO  c.k.k.MainApplication - Starting MainApplication using Java 20.0.1 with PID 13572 (D:\Intellij-Idea-Projects\Kavya_SpringBoot_Session\target\classes started by 91830 in D:\Intellij-Idea-Projects\Kavya_SpringBoot_Session)
08:53:30.323 [restartedMain] INFO  c.k.k.MainApplication - The following 1 profile is active: "dev"
08:53:30.351 [restartedMain] INFO  o.s.b.d.e.DevToolsPropertyDefaultsPostProcessor - Devtools property defaults active! Set 'spring.devtools.add-properties' to 'false' to disable
08:53:30.351 [restartedMain] INFO  o.s.b.d.e.DevToolsPropertyDefaultsPostProcessor - For additional web related logging consider setting the 'logging.level.web' property to 'DEBUG'
08:53:30.813 [restartedMain] INFO  o.s.d.r.c.RepositoryConfigurationDelegate - Bootstrapping Spring Data JPA repositories in DEFAULT mode.
08:53:30.851 [restartedMain] INFO  o.s.d.r.c.RepositoryConfigurationDelegate - Finished Spring Data repository scanning in 32 ms. Found 3 JPA repository interfaces.
08:53:31.230 [restartedMain] INFO  o.s.b.w.e.tomcat.TomcatWebServer - Tomcat initialized with port(s): 8080 (http)
08:53:31.235 [restartedMain] INFO  o.a.coyote.http11.Http11NioProtocol - Initializing ProtocolHandler ["http-nio-8080"]
08:53:31.236 [restartedMain] INFO  o.a.catalina.core.StandardService - Starting service [Tomcat]
08:53:31.236 [restartedMain] INFO  o.a.catalina.core.StandardEngine - Starting Servlet engine: [Apache Tomcat/10.1.13]
08:53:31.277 [restartedMain] INFO  o.a.c.c.C.[Tomcat].[localhost].[/] - Initializing Spring embedded WebApplicationContext
08:53:31.277 [restartedMain] INFO  o.s.b.w.s.c.ServletWebServerApplicationContext - Root WebApplicationContext: initialization completed in 925 ms
08:53:31.381 [restartedMain] INFO  o.h.jpa.internal.util.LogHelper - HHH000204: Processing PersistenceUnitInfo [name: default]
08:53:31.410 [restartedMain] INFO  org.hibernate.Version - HHH000412: Hibernate ORM core version 6.2.9.Final
08:53:31.412 [restartedMain] INFO  org.hibernate.cfg.Environment - HHH000406: Using bytecode reflection optimizer
08:53:31.502 [restartedMain] INFO  o.h.b.i.BytecodeProviderInitiator - HHH000021: Bytecode provider name : bytebuddy
08:53:31.578 [restartedMain] INFO  o.s.o.j.p.SpringPersistenceUnitInfo - No LoadTimeWeaver setup: ignoring JPA class transformer
08:53:31.588 [restartedMain] INFO  com.zaxxer.hikari.HikariDataSource - HikariPool-1 - Starting...
08:53:31.795 [restartedMain] INFO  com.zaxxer.hikari.pool.HikariPool - HikariPool-1 - Added connection com.mysql.cj.jdbc.ConnectionImpl@74ca7cc1
08:53:31.797 [restartedMain] INFO  com.zaxxer.hikari.HikariDataSource - HikariPool-1 - Start completed.
08:53:31.968 [restartedMain] INFO  o.h.b.i.BytecodeProviderInitiator - HHH000021: Bytecode provider name : bytebuddy
08:53:32.430 [restartedMain] INFO  o.h.e.t.j.p.i.JtaPlatformInitiator - HHH000490: Using JtaPlatform implementation: [org.hibernate.engine.transaction.jta.platform.internal.NoJtaPlatform]
08:53:32.464 [restartedMain] INFO  o.s.o.j.LocalContainerEntityManagerFactoryBean - Initialized JPA EntityManagerFactory for persistence unit 'default'
08:53:32.671 [restartedMain] INFO  o.s.d.j.r.query.QueryEnhancerFactory - Hibernate is in classpath; If applicable, HQL parser will be used.
08:53:32.896 [restartedMain] WARN  o.s.b.a.o.j.JpaBaseConfiguration$JpaWebConfiguration - spring.jpa.open-in-view is enabled by default. Therefore, database queries may be performed during view rendering. Explicitly configure spring.jpa.open-in-view to disable this warning
08:53:33.308 [restartedMain] INFO  o.s.s.web.DefaultSecurityFilterChain - Will secure any request with [org.springframework.security.web.session.DisableEncodeUrlFilter@36051d7a, org.springframework.security.web.context.request.async.WebAsyncManagerIntegrationFilter@5cb3f791, org.springframework.security.web.context.SecurityContextHolderFilter@a2eeb7c, org.springframework.security.web.header.HeaderWriterFilter@72d8bd85, org.springframework.security.web.authentication.logout.LogoutFilter@4ec6f44f, org.springframework.security.oauth2.client.web.OAuth2AuthorizationRequestRedirectFilter@78a9a140, org.springframework.security.oauth2.client.web.OAuth2LoginAuthenticationFilter@6c1702f6, org.springframework.security.web.authentication.UsernamePasswordAuthenticationFilter@7bafed05, org.springframework.security.web.authentication.ui.DefaultLoginPageGeneratingFilter@579b58a, org.springframework.security.web.authentication.ui.DefaultLogoutPageGeneratingFilter@47bbc4d0, org.springframework.security.web.savedrequest.RequestCacheAwareFilter@77b61bce, org.springframework.security.web.servletapi.SecurityContextHolderAwareRequestFilter@775c616d, org.springframework.security.web.authentication.AnonymousAuthenticationFilter@40a7bdc8, org.springframework.security.web.access.ExceptionTranslationFilter@74c3ae3a, org.springframework.security.web.access.intercept.AuthorizationFilter@e544316]
08:53:33.524 [restartedMain] INFO  o.s.b.d.a.OptionalLiveReloadServer - LiveReload server is running on port 35729
08:53:33.538 [restartedMain] INFO  o.a.coyote.http11.Http11NioProtocol - Starting ProtocolHandler ["http-nio-8080"]
08:53:33.553 [restartedMain] INFO  o.s.b.w.e.tomcat.TomcatWebServer - Tomcat started on port(s): 8080 (http) with context path ''
08:53:33.563 [restartedMain] INFO  c.k.k.MainApplication - Started MainApplication in 3.443 seconds (process running for 3.97)
08:54:20.452 [SpringApplicationShutdownHook] INFO  o.s.o.j.LocalContainerEntityManagerFactoryBean - Closing JPA EntityManagerFactory for persistence unit 'default'
08:54:20.454 [SpringApplicationShutdownHook] INFO  com.zaxxer.hikari.HikariDataSource - HikariPool-1 - Shutdown initiated...
08:54:20.459 [SpringApplicationShutdownHook] INFO  com.zaxxer.hikari.HikariDataSource - HikariPool-1 - Shutdown completed.
08:54:21.914 [restartedMain] INFO  c.k.k.MainApplication - Starting MainApplication using Java 20.0.1 with PID 18648 (D:\Intellij-Idea-Projects\Kavya_SpringBoot_Session\target\classes started by 91830 in D:\Intellij-Idea-Projects\Kavya_SpringBoot_Session)
08:54:21.916 [restartedMain] INFO  c.k.k.MainApplication - The following 1 profile is active: "dev"
08:54:21.945 [restartedMain] INFO  o.s.b.d.e.DevToolsPropertyDefaultsPostProcessor - Devtools property defaults active! Set 'spring.devtools.add-properties' to 'false' to disable
08:54:21.945 [restartedMain] INFO  o.s.b.d.e.DevToolsPropertyDefaultsPostProcessor - For additional web related logging consider setting the 'logging.level.web' property to 'DEBUG'
08:54:22.402 [restartedMain] INFO  o.s.d.r.c.RepositoryConfigurationDelegate - Bootstrapping Spring Data JPA repositories in DEFAULT mode.
08:54:22.438 [restartedMain] INFO  o.s.d.r.c.RepositoryConfigurationDelegate - Finished Spring Data repository scanning in 32 ms. Found 3 JPA repository interfaces.
08:54:22.820 [restartedMain] INFO  o.s.b.w.e.tomcat.TomcatWebServer - Tomcat initialized with port(s): 8080 (http)
08:54:22.825 [restartedMain] INFO  o.a.coyote.http11.Http11NioProtocol - Initializing ProtocolHandler ["http-nio-8080"]
08:54:22.826 [restartedMain] INFO  o.a.catalina.core.StandardService - Starting service [Tomcat]
08:54:22.826 [restartedMain] INFO  o.a.catalina.core.StandardEngine - Starting Servlet engine: [Apache Tomcat/10.1.13]
08:54:22.864 [restartedMain] INFO  o.a.c.c.C.[Tomcat].[localhost].[/] - Initializing Spring embedded WebApplicationContext
08:54:22.864 [restartedMain] INFO  o.s.b.w.s.c.ServletWebServerApplicationContext - Root WebApplicationContext: initialization completed in 919 ms
08:54:22.971 [restartedMain] INFO  o.h.jpa.internal.util.LogHelper - HHH000204: Processing PersistenceUnitInfo [name: default]
08:54:23.001 [restartedMain] INFO  org.hibernate.Version - HHH000412: Hibernate ORM core version 6.2.9.Final
08:54:23.002 [restartedMain] INFO  org.hibernate.cfg.Environment - HHH000406: Using bytecode reflection optimizer
08:54:23.093 [restartedMain] INFO  o.h.b.i.BytecodeProviderInitiator - HHH000021: Bytecode provider name : bytebuddy
08:54:23.170 [restartedMain] INFO  o.s.o.j.p.SpringPersistenceUnitInfo - No LoadTimeWeaver setup: ignoring JPA class transformer
08:54:23.180 [restartedMain] INFO  com.zaxxer.hikari.HikariDataSource - HikariPool-1 - Starting...
08:54:23.385 [restartedMain] INFO  com.zaxxer.hikari.pool.HikariPool - HikariPool-1 - Added connection com.mysql.cj.jdbc.ConnectionImpl@3bab646c
08:54:23.386 [restartedMain] INFO  com.zaxxer.hikari.HikariDataSource - HikariPool-1 - Start completed.
08:54:23.541 [restartedMain] INFO  o.h.b.i.BytecodeProviderInitiator - HHH000021: Bytecode provider name : bytebuddy
08:54:24.209 [restartedMain] INFO  o.h.e.t.j.p.i.JtaPlatformInitiator - HHH000490: Using JtaPlatform implementation: [org.hibernate.engine.transaction.jta.platform.internal.NoJtaPlatform]
08:54:24.238 [restartedMain] INFO  o.s.o.j.LocalContainerEntityManagerFactoryBean - Initialized JPA EntityManagerFactory for persistence unit 'default'
08:54:24.412 [restartedMain] INFO  o.s.d.j.r.query.QueryEnhancerFactory - Hibernate is in classpath; If applicable, HQL parser will be used.
08:54:24.596 [restartedMain] WARN  o.s.b.a.o.j.JpaBaseConfiguration$JpaWebConfiguration - spring.jpa.open-in-view is enabled by default. Therefore, database queries may be performed during view rendering. Explicitly configure spring.jpa.open-in-view to disable this warning
08:54:24.989 [restartedMain] INFO  o.s.s.web.DefaultSecurityFilterChain - Will secure any request with [org.springframework.security.web.session.DisableEncodeUrlFilter@91c780b, org.springframework.security.web.context.request.async.WebAsyncManagerIntegrationFilter@5d48db6c, org.springframework.security.web.context.SecurityContextHolderFilter@72d8bd85, org.springframework.security.web.header.HeaderWriterFilter@1d831725, org.springframework.security.web.authentication.logout.LogoutFilter@29e85cc8, org.springframework.security.oauth2.client.web.OAuth2AuthorizationRequestRedirectFilter@695fbeb5, org.springframework.security.oauth2.client.web.OAuth2LoginAuthenticationFilter@2c2bdac, org.springframework.security.web.authentication.UsernamePasswordAuthenticationFilter@d894d66, org.springframework.security.web.authentication.ui.DefaultLoginPageGeneratingFilter@67d08f06, org.springframework.security.web.authentication.ui.DefaultLogoutPageGeneratingFilter@598bc205, org.springframework.security.web.savedrequest.RequestCacheAwareFilter@1e3c646c, org.springframework.security.web.servletapi.SecurityContextHolderAwareRequestFilter@3dad4b29, org.springframework.security.web.authentication.AnonymousAuthenticationFilter@36051d7a, org.springframework.security.web.access.ExceptionTranslationFilter@4fe18eb9, org.springframework.security.web.access.intercept.AuthorizationFilter@5b7f6731]
08:54:25.204 [restartedMain] INFO  o.s.b.d.a.OptionalLiveReloadServer - LiveReload server is running on port 35729
08:54:25.218 [restartedMain] INFO  o.a.coyote.http11.Http11NioProtocol - Starting ProtocolHandler ["http-nio-8080"]
08:54:25.232 [restartedMain] INFO  o.s.b.w.e.tomcat.TomcatWebServer - Tomcat started on port(s): 8080 (http) with context path ''
08:54:25.240 [restartedMain] INFO  c.k.k.MainApplication - Started MainApplication in 3.532 seconds (process running for 4.098)
08:56:50.716 [SpringApplicationShutdownHook] INFO  o.s.o.j.LocalContainerEntityManagerFactoryBean - Closing JPA EntityManagerFactory for persistence unit 'default'
08:56:50.719 [SpringApplicationShutdownHook] INFO  com.zaxxer.hikari.HikariDataSource - HikariPool-1 - Shutdown initiated...
08:56:50.725 [SpringApplicationShutdownHook] INFO  com.zaxxer.hikari.HikariDataSource - HikariPool-1 - Shutdown completed.
